<?xml version="1.0" encoding="UTF-8"?>
<!-- Generated by org.testng.reporters.JUnitReportReporter -->
<testsuite hostname="DESKTOP-KERRSTN" name="com.apex.webservices.tests.ClientServerPostRequest" tests="1" failures="0" timestamp="17 Oct 2019 18:59:26 GMT" time="1.775" errors="0">
  <testcase name="clientServerPostRequest" time="1.775" classname="com.apex.webservices.tests.ClientServerPostRequest"/>
</testsuite> <!-- com.apex.webservices.tests.ClientServerPostRequest -->
